1719341120668	geckodriver	INFO	Listening on 127.0.0.1:51196
1719341123742	mozrunner::runner	INFO	Running command: "C:\\Program Files\\Mozilla Firefox\\firefox.exe" "--marionette" "-no-remote" "-profile" "C:\\Users\\rodrigo\\AppData\\Local\\Temp\\rust_mozprofileikCxIX"
console.warn: services.settings: Ignoring preference override of remote settings server
console.warn: services.settings: Allow by setting MOZ_REMOTE_SETTINGS_DEVTOOLS=1 in the environment
1719341124035	Marionette	INFO	Marionette enabled
Dynamically enable window occlusion 0
1719341124172	Marionette	INFO	Listening on port 51212
Read port: 51212
1719341124327	RemoteAgent	WARN	TLS certificate errors will be ignored for this session
JavaScript error: https://www.botcity.dev/, line 22: ReferenceError: Weglot is not defined
JavaScript error: https://herotofutags.com/sticky/v1.js, line 1: TypeError: window.herotofu is undefined
JavaScript error: https://cdnjs.cloudflare.com/ajax/libs/mixitup/3.3.0/mixitup.min.js, line 16: Error: [MixItUp] An invalid selector or element reference was passed to the mixitup factory function
JavaScript error: https://www.botcity.dev/, line 311: SyntaxError: redeclaration of const containerEl
JavaScript error: https://pt-br.botcity.dev/, line 23: ReferenceError: Weglot is not defined
JavaScript error: https://herotofutags.com/sticky/v1.js, line 1: TypeError: window.herotofu is undefined
JavaScript error: https://cdnjs.cloudflare.com/ajax/libs/mixitup/3.3.0/mixitup.min.js, line 16: Error: [MixItUp] An invalid selector or element reference was passed to the mixitup factory function
JavaScript error: https://pt-br.botcity.dev/, line 311: SyntaxError: redeclaration of const containerEl
1719341155247	addons.xpi	ERROR	System addon update list error SyntaxError: XMLHttpRequest.open: 'http://%(server)s/dummy-system-addons.xml' is not a valid URL.
JavaScript warning: https://script.hotjar.com/modules.de6b9e294c29aa146ba1.js, line 2: Script terminated by timeout at:
t@https://script.hotjar.com/modules.de6b9e294c29aa146ba1.js:2:204261
4108/V/</<@https://script.hotjar.com/modules.de6b9e294c29aa146ba1.js:2:77493
4108/V/<@https://script.hotjar.com/modules.de6b9e294c29aa146ba1.js:2:77691

console.error: ({})
1719341222852	Marionette	INFO	Stopped listening on port 51212
Dynamically enable window occlusion 1
1719341322186	geckodriver	INFO	Listening on 127.0.0.1:51387
1719341325239	mozrunner::runner	INFO	Running command: "C:\\Program Files\\Mozilla Firefox\\firefox.exe" "--marionette" "-no-remote" "-profile" "C:\\Users\\rodrigo\\AppData\\Local\\Temp\\rust_mozprofileejAJMo"
console.warn: services.settings: Ignoring preference override of remote settings server
console.warn: services.settings: Allow by setting MOZ_REMOTE_SETTINGS_DEVTOOLS=1 in the environment
1719341325492	Marionette	INFO	Marionette enabled
Dynamically enable window occlusion 0
1719341325611	Marionette	INFO	Listening on port 51403
Read port: 51403
1719341325735	RemoteAgent	WARN	TLS certificate errors will be ignored for this session
1719341356502	addons.xpi	ERROR	System addon update list error SyntaxError: XMLHttpRequest.open: 'http://%(server)s/dummy-system-addons.xml' is not a valid URL.
Exiting due to channel error.
1719341542568	geckodriver	INFO	Listening on 127.0.0.1:51541
1719341545636	mozrunner::runner	INFO	Running command: "C:\\Program Files\\Mozilla Firefox\\firefox.exe" "--marionette" "-no-remote" "-profile" "C:\\Users\\rodrigo\\AppData\\Local\\Temp\\rust_mozprofileyCrz9H"
console.warn: services.settings: Ignoring preference override of remote settings server
console.warn: services.settings: Allow by setting MOZ_REMOTE_SETTINGS_DEVTOOLS=1 in the environment
1719341545982	Marionette	INFO	Marionette enabled
Dynamically enable window occlusion 0
1719341546153	Marionette	INFO	Listening on port 51555
Read port: 51555
1719341546341	RemoteAgent	WARN	TLS certificate errors will be ignored for this session
1719341576272	addons.xpi	ERROR	System addon update list error SyntaxError: XMLHttpRequest.open: 'http://%(server)s/dummy-system-addons.xml' is not a valid URL.
Exiting due to channel error.
1719341681343	geckodriver	INFO	Listening on 127.0.0.1:51679
1719341684399	mozrunner::runner	INFO	Running command: "C:\\Program Files\\Mozilla Firefox\\firefox.exe" "--marionette" "-no-remote" "-profile" "C:\\Users\\rodrigo\\AppData\\Local\\Temp\\rust_mozprofileKqSFqX"
console.warn: services.settings: Ignoring preference override of remote settings server
console.warn: services.settings: Allow by setting MOZ_REMOTE_SETTINGS_DEVTOOLS=1 in the environment
1719341684755	Marionette	INFO	Marionette enabled
Dynamically enable window occlusion 0
1719341684907	Marionette	INFO	Listening on port 51690
Read port: 51690
1719341685099	RemoteAgent	WARN	TLS certificate errors will be ignored for this session
1719341714810	addons.xpi	ERROR	System addon update list error SyntaxError: XMLHttpRequest.open: 'http://%(server)s/dummy-system-addons.xml' is not a valid URL.
JavaScript warning: https://www.google.com/xjs/_/js/k=xjs.hd.en.sUSr3Mxlsk8.O/am=AAAAAAAAAAAAAAAAAAAAAAAAAAAAAAAAAAAgAAAAAAAgBFAAAAAoAAAAAAAAAAAAAAAQAgCAAgBAABwAQAgQAAAQAAAgEATgUSYAAAFgAgAAAEAAAKAgAAECAAAgAAAAAEABAAAAAAAAAAAAAGAAAggAAAAAAAAAAAAAAACADgAAQAAECAIwgIEAACAAAAAAeQAQHACDFAQAAAAAAAAAAAAAABDABMFcSEBAAAEAAAAAAAAAAAAAAACkpBMLEw/d=1/ed=1/dg=2/rs=ACT90oGPDxbZF98Mm1IyvuhvItwEJOsVnA/ee=ALeJib:B8gLwd;AfeaP:TkrAjf;BMxAGc:E5bFse;BgS6mb:fidj5d;BjwMce:cXX2Wb;CxXAWb:YyRLvc;DM55c:imLrKe;DULqB:RKfG5c;Dkk6ge:wJqrrd;DpcR3d:zL72xf;EABSZ:MXZt9d;ESrPQc:mNTJvc;EVNhjf:pw70Gc;EmZ2Bf:zr1jrb;EnlcNd:WeHg4;Erl4fe:FloWmf,FloWmf;F9mqte:UoRcbe;Fmv9Nc:O1Tzwc;G0KhTb:LIaoZ;G6wU6e:hezEbd;GleZL:J1A7Od;HMDDWe:G8QUdb;HoYVKb:PkDN7e;HqeXPd:cmbnH;IBADCc:RYquRb;IZrNqe:P8ha2c;IoGlCf:b5lhvb;IsdWVc:qzxzOb;JXS8fb:Qj0suc;JbMT3:M25sS;JsbNhc:Xd8iUd;KOxcK:OZqGte;KQzWid:ZMKkN;KcokUb:KiuZBf;KpRAue:Tia57b;LBgRLc:SdcwHb,XVMNvd;LEikZe:byfTOb,lsjVmc;LsNahb:ucGLNb;Me32dd:MEeYgc;NPKaK:SdcwHb;NSEoX:lazG7b;Np8Qkd:Dpx6qc;Nyt6ic:jn2sGd;OgagBe:cNTe0;Oj465e:KG2eXe,KG2eXe;OohIYe:mpEAQb;Pjplud:EEDORb,PoEs9b;Q1Ow7b:x5CSu;Q6C5kf:pfdZCe;QGR0gd:Mlhmy;R2kc8b:ALJqWb;R4IIIb:QWfeKf;R9Ulx:CR7Ufe;RDNBlf:zPRCJb;SLtqO:Kh1xYe;SMDL4c:fTfGO,fTfGO;SNUn3:ZwDk9d,x8cHvb;ShpF6e:N0pvGc;TxfV6d:YORN0b;U96pRd:FsR04;UBKJZ:LGDJGb;UDrY1c:eps46d;UVmjEd:EesRsb;UyG7Kb:wQd0G;V2HTTe:RolTY;VGRfx:VFqbr;VN6jIc:ddQyuf;VOcgDe:YquhTb;VsAqSb:PGf2Re;VxQ32b:k0XsBb;WCEKNd:I46Hvd;WDGyFe:jcVOxd;Wfmdue:g3MJlb;XUezZ:sa7lqb;YV5bee:IvPZ6d;YkQtAf:rx8ur;ZMvdv:PHFPjb;ZSH6tc:QAvyLe;ZWEUA:afR4Cf;a56pNe:JEfCwb;aAJE9c:WHW6Ef;aCJ9tf:qKftvc;aZ61od:arTwJ;af0EJf:ghinId;bDXwRe:UsyOtc;bcPXSc:gSZLJb;cEt90b:ws9Tlc;cFTWae:gT8qnd;coJ8e:KvoW8;dIoSBb:ZgGg9b;dLlj2:Qqt3Gf;daB6be:lMxGPd;dtl0hd:lLQWFe;eBAeSb:Ck63tb;eBZ5Nd:VruDBd;eHDfl:ofjVkb;eO3lse:nFClrf;euOXY:OZjbQ;g8nkx:U4MzKc;gaub4:TN6bMe;gtVSi:ekUOYd;h3MYod:cEt90b;hK67qb:QWEO5b;heHB1:sFczq;hjRo6e:F62sG;hsLsYc:Vl118;iFQyKf:QIhFr,vfuNJf;imqimf:jKGL2e;io8t5d:sgY6Zb;jY0zg:Q6tNgc;k2Qxcb:XY51pe;kCQyJ:ueyPK;kMFpHd:OTA3Ae;kbAm9d:MkHyGd;lkq0A:JyBE3e;nAFL3:NTMZac,s39S4;nJw4Gd:dPFZH;oGtAuc:sOXFj;oSUNyd:fTfGO,fTfGO;oUlnpc:RagDlc;okUaUd:wItadb;pKJiXd:VCenhc;pNsl2d:j9Yuyc;pXdRYb:JKoKVe;pj82le:mg5CW;qZx2Fc:j0xrE;qaS3gd:yiLg6e;qavrXe:zQzcXe;qddgKe:d7YSfd,x4FYXe;rQSrae:C6D5Fc;sP4Vbe:VwDzFe;sTsDMc:kHVSUb;sZmdvc:rdGEfc;tH4IIe:Ymry6;tosKvd:ZCqP3;trZL0b:qY8PFe;uY49fb:COQbmf;uknmt:GkPrzb;uuQkY:u2V3ud;vGrMZ:lPJJ0c;vfVwPd:lcrkwe;w3bZCb:ZPGaIb;w4rSdf:XKiZ9;w9w86d:dt4g2b;wQlYve:aLUfP;wR5FRb:O1Gjze,TtcOte;wV5Pjc:L8KGxe;whEZac:F4AmNb;xBbsrc:NEW1Qc;ysNiMc:CpIBjd;yxTchf:KUM7Z;z97YGf:oug9te;zOsCQe:Ko78Df;zaIgPb:Qtpxbd/m=cdos,hsm,jsa,mb4ZUb,d,csi,cEt90b,SNUn3,qddgKe,sTsDMc,dtl0hd,eHDfl, line 435: Script terminated by timeout at:
b@https://www.google.com/xjs/_/js/k=xjs.hd.en.sUSr3Mxlsk8.O/am=AAAAAAAAAAAAAAAAAAAAAAAAAAAAAAAAAAAgAAAAAAAgBFAAAAAoAAAAAAAAAAAAAAAQAgCAAgBAABwAQAgQAAAQAAAgEATgUSYAAAFgAgAAAEAAAKAgAAECAAAgAAAAAEABAAAAAAAAAAAAAGAAAggAAAAAAAAAAAAAAACADgAAQAAECAIwgIEAACAAAAAAeQAQHACDFAQAAAAAAAAAAAAAABDABMFcSEBAAAEAAAAAAAAAAAAAAACkpBMLEw/d=1/ed=1/dg=2/rs=ACT90oGPDxbZF98Mm1IyvuhvItwEJOsVnA/ee=ALeJib:B8gLwd;AfeaP:TkrAjf;BMxAGc:E5bFse;BgS6mb:fidj5d;BjwMce:cXX2Wb;CxXAWb:YyRLvc;DM55c:imLrKe;DULqB:RKfG5c;Dkk6ge:wJqrrd;DpcR3d:zL72xf;EABSZ:MXZt9d;ESrPQc:mNTJvc;EVNhjf:pw70Gc;EmZ2Bf:zr1jrb;EnlcNd:WeHg4;Erl4fe:FloWmf,FloWmf;F9mqte:UoRcbe;Fmv9Nc:O1Tzwc;G0KhTb:LIaoZ;G6wU6e:hezEbd;GleZL:J1A7Od;HMDDWe:G8QUdb;HoYVKb:PkDN7e;HqeXPd:cmbnH;IBADCc:RYquRb;IZrNqe:P8ha2c;IoGlCf:b5lhvb;IsdWVc:qzxzOb;JXS8fb:Qj0suc;JbMT3:M25sS;JsbNhc:Xd8iUd;KOxcK:OZqGte;KQzWid:ZMKkN;KcokUb:KiuZBf;KpRAue:Tia57b;LBgRLc:SdcwHb,XVMNvd;LEikZe:byfTOb,lsjVmc;LsNahb:ucGLNb;Me32dd:MEeYgc;NPKaK:SdcwHb;NSEoX:lazG7b;Np8Qkd:Dpx6qc;Nyt6ic:jn2sGd;OgagBe:cNTe0;Oj465e:KG2eXe,KG2eXe;OohIYe:mpEAQb;Pjplud:EEDORb,PoEs9b;Q1Ow7b:x5CSu;Q6C5kf:pfdZCe;QGR0gd:Mlhmy;R2kc8b:ALJqWb;R4IIIb:QWfeKf;R9Ulx:CR7Ufe;RDNBlf:zPRCJb;SLtqO:Kh1xYe;SMDL4c:fTfGO,fTfGO;SNUn3:ZwDk9d,x8cHvb;ShpF6e:N0pvGc;TxfV6d:YORN0b;U96pRd:FsR04;UBKJZ:LGDJGb;UDrY1c:eps46d;UVmjEd:EesRsb;UyG7Kb:wQd0G;V2HTTe:RolTY;VGRfx:VFqbr;VN6jIc:ddQyuf;VOcgDe:YquhTb;VsAqSb:PGf2Re;VxQ32b:k0XsBb;WCEKNd:I46Hvd;WDGyFe:jcVOxd;Wfmdue:g3MJlb;XUezZ:sa7lqb;YV5bee:IvPZ6d;YkQtAf:rx8ur;ZMvdv:PHFPjb;ZSH6tc:QAvyLe;ZWEUA:afR4Cf;a56pNe:JEfCwb;aAJE9c:WHW6Ef;aCJ9tf:qKftvc;aZ61od:arTwJ;af0EJf:ghinId;bDXwRe:UsyOtc;bcPXSc:gSZLJb;cEt90b:ws9Tlc;cFTWae:gT8qnd;coJ8e:KvoW8;dIoSBb:ZgGg9b;dLlj2:Qqt3Gf;daB6be:lMxGPd;dtl0hd:lLQWFe;eBAeSb:Ck63tb;eBZ5Nd:VruDBd;eHDfl:ofjVkb;eO3lse:nFClrf;euOXY:OZjbQ;g8nkx:U4MzKc;gaub4:TN6bMe;gtVSi:ekUOYd;h3MYod:cEt90b;hK67qb:QWEO5b;heHB1:sFczq;hjRo6e:F62sG;hsLsYc:Vl118;iFQyKf:QIhFr,vfuNJf;imqimf:jKGL2e;io8t5d:sgY6Zb;jY0zg:Q6tNgc;k2Qxcb:XY51pe;kCQyJ:ueyPK;kMFpHd:OTA3Ae;kbAm9d:MkHyGd;lkq0A:JyBE3e;nAFL3:NTMZac,s39S4;nJw4Gd:dPFZH;oGtAuc:sOXFj;oSUNyd:fTfGO,fTfGO;oUlnpc:RagDlc;okUaUd:wItadb;pKJiXd:VCenhc;pNsl2d:j9Yuyc;pXdRYb:JKoKVe;pj82le:mg5CW;qZx2Fc:j0xrE;qaS3gd:yiLg6e;qavrXe:zQzcXe;qddgKe:d7YSfd,x4FYXe;rQSrae:C6D5Fc;sP4Vbe:VwDzFe;sTsDMc:kHVSUb;sZmdvc:rdGEfc;tH4IIe:Ymry6;tosKvd:ZCqP3;trZL0b:qY8PFe;uY49fb:COQbmf;uknmt:GkPrzb;uuQkY:u2V3ud;vGrMZ:lPJJ0c;vfVwPd:lcrkwe;w3bZCb:ZPGaIb;w4rSdf:XKiZ9;w9w86d:dt4g2b;wQlYve:aLUfP;wR5FRb:O1Gjze,TtcOte;wV5Pjc:L8KGxe;whEZac:F4AmNb;xBbsrc:NEW1Qc;ysNiMc:CpIBjd;yxTchf:KUM7Z;z97YGf:oug9te;zOsCQe:Ko78Df;zaIgPb:Qtpxbd/m=cdos,hsm,jsa,mb4ZUb,d,csi,cEt90b,SNUn3,qddgKe,sTsDMc,dtl0hd,eHDfl:435:40

1719341716149	Marionette	INFO	Stopped listening on port 51690
Dynamically enable window occlusion 1
JavaScript error: chrome://remote/content/marionette/cert.sys.mjs, line 47: NS_ERROR_NOT_AVAILABLE: Component returned failure code: 0x80040111 (NS_ERROR_NOT_AVAILABLE) [nsICertOverrideService.setDisableAllSecurityChecksAndLetAttackersInterceptMyData]
console.warn: services.settings: main/pioneer-study-addons-v1 sync interrupted by shutdown
console.error: (new AbortError("IndexedDB: main/tippytop getLastModified() IndexedDB:  execute() A request was aborted, for example through a call to IDBTransaction.abort.", "resource://services-settings/IDBHelpers.sys.mjs", 16))
1719341869959	geckodriver	INFO	Listening on 127.0.0.1:51824
1719341873023	mozrunner::runner	INFO	Running command: "C:\\Program Files\\Mozilla Firefox\\firefox.exe" "--marionette" "-no-remote" "-profile" "C:\\Users\\rodrigo\\AppData\\Local\\Temp\\rust_mozprofile4h5ckn"
1719341920726	geckodriver	INFO	Listening on 127.0.0.1:51940
1719341923813	mozrunner::runner	INFO	Running command: "C:\\Program Files\\Mozilla Firefox\\firefox.exe" "--marionette" "-no-remote" "-profile" "C:\\Users\\rodrigo\\AppData\\Local\\Temp\\rust_mozprofilew4Lc1e"
console.warn: services.settings: Ignoring preference override of remote settings server
console.warn: services.settings: Allow by setting MOZ_REMOTE_SETTINGS_DEVTOOLS=1 in the environment
1719341924183	Marionette	INFO	Marionette enabled
Dynamically enable window occlusion 0
1719341924341	Marionette	INFO	Listening on port 51951
Read port: 51951
1719341924532	RemoteAgent	WARN	TLS certificate errors will be ignored for this session
1719341954438	addons.xpi	ERROR	System addon update list error SyntaxError: XMLHttpRequest.open: 'http://%(server)s/dummy-system-addons.xml' is not a valid URL.
JavaScript warning: https://www.google.com/xjs/_/js/k=xjs.hd.en.sUSr3Mxlsk8.O/am=AAAAAAAAAAAAAAAAAAAAAAAAAAAAAAAAAAAgAAAAAAAgBFAAAAAoAAAAAAAAAAAAAAAQAgCAAgBAABwAQAgQAAAQAAAgEATgUSYAAAFgAgAAAEAAAKAgAAECAAAgAAAAAEABAAAAAAAAAAAAAGAAAggAAAAAAAAAAAAAAACADgAAQAAECAIwgIEAACAAAAAAeQAQHACDFAQAAAAAAAAAAAAAABDABMFcSEBAAAEAAAAAAAAAAAAAAACkpBMLEw/d=1/ed=1/dg=2/rs=ACT90oGPDxbZF98Mm1IyvuhvItwEJOsVnA/ee=ALeJib:B8gLwd;AfeaP:TkrAjf;BMxAGc:E5bFse;BgS6mb:fidj5d;BjwMce:cXX2Wb;CxXAWb:YyRLvc;DM55c:imLrKe;DULqB:RKfG5c;Dkk6ge:wJqrrd;DpcR3d:zL72xf;EABSZ:MXZt9d;ESrPQc:mNTJvc;EVNhjf:pw70Gc;EmZ2Bf:zr1jrb;EnlcNd:WeHg4;Erl4fe:FloWmf,FloWmf;F9mqte:UoRcbe;Fmv9Nc:O1Tzwc;G0KhTb:LIaoZ;G6wU6e:hezEbd;GleZL:J1A7Od;HMDDWe:G8QUdb;HoYVKb:PkDN7e;HqeXPd:cmbnH;IBADCc:RYquRb;IZrNqe:P8ha2c;IoGlCf:b5lhvb;IsdWVc:qzxzOb;JXS8fb:Qj0suc;JbMT3:M25sS;JsbNhc:Xd8iUd;KOxcK:OZqGte;KQzWid:ZMKkN;KcokUb:KiuZBf;KpRAue:Tia57b;LBgRLc:SdcwHb,XVMNvd;LEikZe:byfTOb,lsjVmc;LsNahb:ucGLNb;Me32dd:MEeYgc;NPKaK:SdcwHb;NSEoX:lazG7b;Np8Qkd:Dpx6qc;Nyt6ic:jn2sGd;OgagBe:cNTe0;Oj465e:KG2eXe,KG2eXe;OohIYe:mpEAQb;Pjplud:EEDORb,PoEs9b;Q1Ow7b:x5CSu;Q6C5kf:pfdZCe;QGR0gd:Mlhmy;R2kc8b:ALJqWb;R4IIIb:QWfeKf;R9Ulx:CR7Ufe;RDNBlf:zPRCJb;SLtqO:Kh1xYe;SMDL4c:fTfGO,fTfGO;SNUn3:ZwDk9d,x8cHvb;ShpF6e:N0pvGc;TxfV6d:YORN0b;U96pRd:FsR04;UBKJZ:LGDJGb;UDrY1c:eps46d;UVmjEd:EesRsb;UyG7Kb:wQd0G;V2HTTe:RolTY;VGRfx:VFqbr;VN6jIc:ddQyuf;VOcgDe:YquhTb;VsAqSb:PGf2Re;VxQ32b:k0XsBb;WCEKNd:I46Hvd;WDGyFe:jcVOxd;Wfmdue:g3MJlb;XUezZ:sa7lqb;YV5bee:IvPZ6d;YkQtAf:rx8ur;ZMvdv:PHFPjb;ZSH6tc:QAvyLe;ZWEUA:afR4Cf;a56pNe:JEfCwb;aAJE9c:WHW6Ef;aCJ9tf:qKftvc;aZ61od:arTwJ;af0EJf:ghinId;bDXwRe:UsyOtc;bcPXSc:gSZLJb;cEt90b:ws9Tlc;cFTWae:gT8qnd;coJ8e:KvoW8;dIoSBb:ZgGg9b;dLlj2:Qqt3Gf;daB6be:lMxGPd;dtl0hd:lLQWFe;eBAeSb:Ck63tb;eBZ5Nd:VruDBd;eHDfl:ofjVkb;eO3lse:nFClrf;euOXY:OZjbQ;g8nkx:U4MzKc;gaub4:TN6bMe;gtVSi:ekUOYd;h3MYod:cEt90b;hK67qb:QWEO5b;heHB1:sFczq;hjRo6e:F62sG;hsLsYc:Vl118;iFQyKf:QIhFr,vfuNJf;imqimf:jKGL2e;io8t5d:sgY6Zb;jY0zg:Q6tNgc;k2Qxcb:XY51pe;kCQyJ:ueyPK;kMFpHd:OTA3Ae;kbAm9d:MkHyGd;lkq0A:JyBE3e;nAFL3:NTMZac,s39S4;nJw4Gd:dPFZH;oGtAuc:sOXFj;oSUNyd:fTfGO,fTfGO;oUlnpc:RagDlc;okUaUd:wItadb;pKJiXd:VCenhc;pNsl2d:j9Yuyc;pXdRYb:JKoKVe;pj82le:mg5CW;qZx2Fc:j0xrE;qaS3gd:yiLg6e;qavrXe:zQzcXe;qddgKe:d7YSfd,x4FYXe;rQSrae:C6D5Fc;sP4Vbe:VwDzFe;sTsDMc:kHVSUb;sZmdvc:rdGEfc;tH4IIe:Ymry6;tosKvd:ZCqP3;trZL0b:qY8PFe;uY49fb:COQbmf;uknmt:GkPrzb;uuQkY:u2V3ud;vGrMZ:lPJJ0c;vfVwPd:lcrkwe;w3bZCb:ZPGaIb;w4rSdf:XKiZ9;w9w86d:dt4g2b;wQlYve:aLUfP;wR5FRb:O1Gjze,TtcOte;wV5Pjc:L8KGxe;whEZac:F4AmNb;xBbsrc:NEW1Qc;ysNiMc:CpIBjd;yxTchf:KUM7Z;z97YGf:oug9te;zOsCQe:Ko78Df;zaIgPb:Qtpxbd/m=cdos,hsm,jsa,mb4ZUb,d,csi,cEt90b,SNUn3,qddgKe,sTsDMc,dtl0hd,eHDfl, line 435: Script terminated by timeout at:
b@https://www.google.com/xjs/_/js/k=xjs.hd.en.sUSr3Mxlsk8.O/am=AAAAAAAAAAAAAAAAAAAAAAAAAAAAAAAAAAAgAAAAAAAgBFAAAAAoAAAAAAAAAAAAAAAQAgCAAgBAABwAQAgQAAAQAAAgEATgUSYAAAFgAgAAAEAAAKAgAAECAAAgAAAAAEABAAAAAAAAAAAAAGAAAggAAAAAAAAAAAAAAACADgAAQAAECAIwgIEAACAAAAAAeQAQHACDFAQAAAAAAAAAAAAAABDABMFcSEBAAAEAAAAAAAAAAAAAAACkpBMLEw/d=1/ed=1/dg=2/rs=ACT90oGPDxbZF98Mm1IyvuhvItwEJOsVnA/ee=ALeJib:B8gLwd;AfeaP:TkrAjf;BMxAGc:E5bFse;BgS6mb:fidj5d;BjwMce:cXX2Wb;CxXAWb:YyRLvc;DM55c:imLrKe;DULqB:RKfG5c;Dkk6ge:wJqrrd;DpcR3d:zL72xf;EABSZ:MXZt9d;ESrPQc:mNTJvc;EVNhjf:pw70Gc;EmZ2Bf:zr1jrb;EnlcNd:WeHg4;Erl4fe:FloWmf,FloWmf;F9mqte:UoRcbe;Fmv9Nc:O1Tzwc;G0KhTb:LIaoZ;G6wU6e:hezEbd;GleZL:J1A7Od;HMDDWe:G8QUdb;HoYVKb:PkDN7e;HqeXPd:cmbnH;IBADCc:RYquRb;IZrNqe:P8ha2c;IoGlCf:b5lhvb;IsdWVc:qzxzOb;JXS8fb:Qj0suc;JbMT3:M25sS;JsbNhc:Xd8iUd;KOxcK:OZqGte;KQzWid:ZMKkN;KcokUb:KiuZBf;KpRAue:Tia57b;LBgRLc:SdcwHb,XVMNvd;LEikZe:byfTOb,lsjVmc;LsNahb:ucGLNb;Me32dd:MEeYgc;NPKaK:SdcwHb;NSEoX:lazG7b;Np8Qkd:Dpx6qc;Nyt6ic:jn2sGd;OgagBe:cNTe0;Oj465e:KG2eXe,KG2eXe;OohIYe:mpEAQb;Pjplud:EEDORb,PoEs9b;Q1Ow7b:x5CSu;Q6C5kf:pfdZCe;QGR0gd:Mlhmy;R2kc8b:ALJqWb;R4IIIb:QWfeKf;R9Ulx:CR7Ufe;RDNBlf:zPRCJb;SLtqO:Kh1xYe;SMDL4c:fTfGO,fTfGO;SNUn3:ZwDk9d,x8cHvb;ShpF6e:N0pvGc;TxfV6d:YORN0b;U96pRd:FsR04;UBKJZ:LGDJGb;UDrY1c:eps46d;UVmjEd:EesRsb;UyG7Kb:wQd0G;V2HTTe:RolTY;VGRfx:VFqbr;VN6jIc:ddQyuf;VOcgDe:YquhTb;VsAqSb:PGf2Re;VxQ32b:k0XsBb;WCEKNd:I46Hvd;WDGyFe:jcVOxd;Wfmdue:g3MJlb;XUezZ:sa7lqb;YV5bee:IvPZ6d;YkQtAf:rx8ur;ZMvdv:PHFPjb;ZSH6tc:QAvyLe;ZWEUA:afR4Cf;a56pNe:JEfCwb;aAJE9c:WHW6Ef;aCJ9tf:qKftvc;aZ61od:arTwJ;af0EJf:ghinId;bDXwRe:UsyOtc;bcPXSc:gSZLJb;cEt90b:ws9Tlc;cFTWae:gT8qnd;coJ8e:KvoW8;dIoSBb:ZgGg9b;dLlj2:Qqt3Gf;daB6be:lMxGPd;dtl0hd:lLQWFe;eBAeSb:Ck63tb;eBZ5Nd:VruDBd;eHDfl:ofjVkb;eO3lse:nFClrf;euOXY:OZjbQ;g8nkx:U4MzKc;gaub4:TN6bMe;gtVSi:ekUOYd;h3MYod:cEt90b;hK67qb:QWEO5b;heHB1:sFczq;hjRo6e:F62sG;hsLsYc:Vl118;iFQyKf:QIhFr,vfuNJf;imqimf:jKGL2e;io8t5d:sgY6Zb;jY0zg:Q6tNgc;k2Qxcb:XY51pe;kCQyJ:ueyPK;kMFpHd:OTA3Ae;kbAm9d:MkHyGd;lkq0A:JyBE3e;nAFL3:NTMZac,s39S4;nJw4Gd:dPFZH;oGtAuc:sOXFj;oSUNyd:fTfGO,fTfGO;oUlnpc:RagDlc;okUaUd:wItadb;pKJiXd:VCenhc;pNsl2d:j9Yuyc;pXdRYb:JKoKVe;pj82le:mg5CW;qZx2Fc:j0xrE;qaS3gd:yiLg6e;qavrXe:zQzcXe;qddgKe:d7YSfd,x4FYXe;rQSrae:C6D5Fc;sP4Vbe:VwDzFe;sTsDMc:kHVSUb;sZmdvc:rdGEfc;tH4IIe:Ymry6;tosKvd:ZCqP3;trZL0b:qY8PFe;uY49fb:COQbmf;uknmt:GkPrzb;uuQkY:u2V3ud;vGrMZ:lPJJ0c;vfVwPd:lcrkwe;w3bZCb:ZPGaIb;w4rSdf:XKiZ9;w9w86d:dt4g2b;wQlYve:aLUfP;wR5FRb:O1Gjze,TtcOte;wV5Pjc:L8KGxe;whEZac:F4AmNb;xBbsrc:NEW1Qc;ysNiMc:CpIBjd;yxTchf:KUM7Z;z97YGf:oug9te;zOsCQe:Ko78Df;zaIgPb:Qtpxbd/m=cdos,hsm,jsa,mb4ZUb,d,csi,cEt90b,SNUn3,qddgKe,sTsDMc,dtl0hd,eHDfl:435:40

1719341960924	Marionette	INFO	Stopped listening on port 51951
Dynamically enable window occlusion 1
JavaScript error: chrome://remote/content/marionette/cert.sys.mjs, line 47: NS_ERROR_NOT_AVAILABLE: Component returned failure code: 0x80040111 (NS_ERROR_NOT_AVAILABLE) [nsICertOverrideService.setDisableAllSecurityChecksAndLetAttackersInterceptMyData]
1719342020734	geckodriver	INFO	Listening on 127.0.0.1:52073
1719342023801	mozrunner::runner	INFO	Running command: "C:\\Program Files\\Mozilla Firefox\\firefox.exe" "--marionette" "-no-remote" "-profile" "C:\\Users\\rodrigo\\AppData\\Local\\Temp\\rust_mozprofile0dr9SJ"
console.warn: services.settings: Ignoring preference override of remote settings server
console.warn: services.settings: Allow by setting MOZ_REMOTE_SETTINGS_DEVTOOLS=1 in the environment
1719342024166	Marionette	INFO	Marionette enabled
Dynamically enable window occlusion 0
1719342024342	Marionette	INFO	Listening on port 52093
Read port: 52093
1719342024544	RemoteAgent	WARN	TLS certificate errors will be ignored for this session
1719342039561	Marionette	INFO	Stopped listening on port 52093
Dynamically enable window occlusion 1
1719342059106	geckodriver	INFO	Listening on 127.0.0.1:52175
1719342062124	mozrunner::runner	INFO	Running command: "C:\\Program Files\\Mozilla Firefox\\firefox.exe" "--marionette" "-no-remote" "-profile" "C:\\Users\\rodrigo\\AppData\\Local\\Temp\\rust_mozprofilefo7XO2"
console.warn: services.settings: Ignoring preference override of remote settings server
console.warn: services.settings: Allow by setting MOZ_REMOTE_SETTINGS_DEVTOOLS=1 in the environment
1719342062547	Marionette	INFO	Marionette enabled
Dynamically enable window occlusion 0
1719342062825	Marionette	INFO	Listening on port 52186
Read port: 52186
1719342063070	RemoteAgent	WARN	TLS certificate errors will be ignored for this session
1719342092847	addons.xpi	ERROR	System addon update list error SyntaxError: XMLHttpRequest.open: 'http://%(server)s/dummy-system-addons.xml' is not a valid URL.
Exiting due to channel error.
Exiting due to channel error.
Exiting due to channel error.
Exiting due to channel error.
1719342160147	geckodriver	INFO	Listening on 127.0.0.1:52297
1719342163184	mozrunner::runner	INFO	Running command: "C:\\Program Files\\Mozilla Firefox\\firefox.exe" "--marionette" "-no-remote" "-profile" "C:\\Users\\rodrigo\\AppData\\Local\\Temp\\rust_mozprofile6wHYcg"
console.warn: services.settings: Ignoring preference override of remote settings server
console.warn: services.settings: Allow by setting MOZ_REMOTE_SETTINGS_DEVTOOLS=1 in the environment
1719342163537	Marionette	INFO	Marionette enabled
Dynamically enable window occlusion 0
1719342163697	Marionette	INFO	Listening on port 52312
Read port: 52312
1719342163889	RemoteAgent	WARN	TLS certificate errors will be ignored for this session
1719342178794	Marionette	INFO	Stopped listening on port 52312
Dynamically enable window occlusion 1
1719342207685	geckodriver	INFO	Listening on 127.0.0.1:52378
1719342210761	mozrunner::runner	INFO	Running command: "C:\\Program Files\\Mozilla Firefox\\firefox.exe" "--marionette" "-no-remote" "-profile" "C:\\Users\\rodrigo\\AppData\\Local\\Temp\\rust_mozprofileJ8CNAP"
console.warn: services.settings: Ignoring preference override of remote settings server
console.warn: services.settings: Allow by setting MOZ_REMOTE_SETTINGS_DEVTOOLS=1 in the environment
1719342211136	Marionette	INFO	Marionette enabled
Dynamically enable window occlusion 0
1719342211307	Marionette	INFO	Listening on port 52389
Read port: 52389
1719342211496	RemoteAgent	WARN	TLS certificate errors will be ignored for this session
1719342226777	Marionette	INFO	Stopped listening on port 52389
JavaScript warning: https://www.google.com/xjs/_/js/k=xjs.hd.en.HC44jvUp9_A.O/am=AAAAAAAAAAAAAAAAAAAAAAAAAAAAAAAAAAAgAAAAAAAgBFAAAAAoAAAAAAAAAAAAABAgBAAABQAAAXAAABEQAAAQAAAgEATgUSYAAAFgAgAAAEAAAKAgAAECAAAgAAAAAEABAAAAAAAAAAAAAGAAAQQAAAAAAAAAAAAAAACgAwAAAAIgQBCAAQwEAAABAAAAyAOA4AAYpCAAAAAAAAAAAAAAAIAAJgjmQgICAggAAAAAAAAAAAAAAAAgJZ1YmA/d=1/ed=1/dg=2/rs=ACT90oELlFAFqDvXwv3oM9jQoXqSQ-H6Tw/ee=ALeJib:B8gLwd;AfeaP:TkrAjf;BMxAGc:E5bFse;BgS6mb:fidj5d;BjwMce:cXX2Wb;CxXAWb:YyRLvc;DM55c:imLrKe;DULqB:RKfG5c;Dkk6ge:wJqrrd;DpcR3d:zL72xf;EABSZ:MXZt9d;ESrPQc:mNTJvc;EVNhjf:pw70Gc;EmZ2Bf:zr1jrb;EnlcNd:WeHg4;Erl4fe:FloWmf,FloWmf;F9mqte:UoRcbe;Fmv9Nc:O1Tzwc;G0KhTb:LIaoZ;G6wU6e:hezEbd;GleZL:J1A7Od;HMDDWe:G8QUdb;HoYVKb:PkDN7e;HqeXPd:cmbnH;IBADCc:RYquRb;IZrNqe:P8ha2c;IoGlCf:b5lhvb;IsdWVc:qzxzOb;JXS8fb:Qj0suc;JbMT3:M25sS;JsbNhc:Xd8iUd;KOxcK:OZqGte;KQzWid:ZMKkN;KcokUb:KiuZBf;KpRAue:Tia57b;LBgRLc:SdcwHb,XVMNvd;LEikZe:byfTOb,lsjVmc;LsNahb:ucGLNb;Me32dd:MEeYgc;NPKaK:SdcwHb;NSEoX:lazG7b;Np8Qkd:Dpx6qc;Nyt6ic:jn2sGd;OgagBe:cNTe0;Oj465e:KG2eXe,KG2eXe;OohIYe:mpEAQb;Pjplud:EEDORb,PoEs9b;Q1Ow7b:x5CSu;Q6C5kf:pfdZCe;QGR0gd:Mlhmy;R2kc8b:ALJqWb;R4IIIb:QWfeKf;R9Ulx:CR7Ufe;RDNBlf:zPRCJb;SLtqO:Kh1xYe;SMDL4c:fTfGO,fTfGO;SNUn3:ZwDk9d,x8cHvb;ShpF6e:N0pvGc;TxfV6d:YORN0b;U96pRd:FsR04;UBKJZ:LGDJGb;UDrY1c:eps46d;UVmjEd:EesRsb;UyG7Kb:wQd0G;V2HTTe:RolTY;VGRfx:VFqbr;VN6jIc:ddQyuf;VOcgDe:YquhTb;VsAqSb:PGf2Re;VxQ32b:k0XsBb;WCEKNd:I46Hvd;WDGyFe:jcVOxd;Wfmdue:g3MJlb;XUezZ:sa7lqb;YV5bee:IvPZ6d;YkQtAf:rx8ur;ZMvdv:PHFPjb;ZSH6tc:QAvyLe;ZWEUA:afR4Cf;a56pNe:JEfCwb;aAJE9c:WHW6Ef;aCJ9tf:qKftvc;aZ61od:arTwJ;af0EJf:ghinId;bDXwRe:UsyOtc;bcPXSc:gSZLJb;cEt90b:ws9Tlc;cFTWae:gT8qnd;coJ8e:KvoW8;dIoSBb:ZgGg9b;dLlj2:Qqt3Gf;daB6be:lMxGPd;dtl0hd:lLQWFe;eBAeSb:Ck63tb;eBZ5Nd:VruDBd;eHDfl:ofjVkb;eO3lse:nFClrf;euOXY:OZjbQ;g8nkx:U4MzKc;gaub4:TN6bMe;gtVSi:ekUOYd;h3MYod:cEt90b;hK67qb:QWEO5b;heHB1:sFczq;hjRo6e:F62sG;hsLsYc:Vl118;iFQyKf:QIhFr,vfuNJf;imqimf:jKGL2e;io8t5d:sgY6Zb;jY0zg:Q6tNgc;k2Qxcb:XY51pe;kCQyJ:ueyPK;kMFpHd:OTA3Ae;kbAm9d:MkHyGd;lkq0A:JyBE3e;nAFL3:NTMZac,s39S4;nJw4Gd:dPFZH;oGtAuc:sOXFj;oSUNyd:fTfGO,fTfGO;oUlnpc:RagDlc;okUaUd:wItadb;pKJiXd:VCenhc;pNsl2d:j9Yuyc;pXdRYb:JKoKVe;pj82le:mg5CW;qZx2Fc:j0xrE;qaS3gd:yiLg6e;qavrXe:zQzcXe;qddgKe:d7YSfd,x4FYXe;rQSrae:C6D5Fc;sP4Vbe:VwDzFe;sTsDMc:kHVSUb;sZmdvc:rdGEfc;tH4IIe:Ymry6;tosKvd:ZCqP3;trZL0b:qY8PFe;uY49fb:COQbmf;uuQkY:u2V3ud;vGrMZ:lPJJ0c;vfVwPd:lcrkwe;w3bZCb:ZPGaIb;w4rSdf:XKiZ9;w9w86d:dt4g2b;wQlYve:aLUfP;wR5FRb:O1Gjze,TtcOte;wV5Pjc:L8KGxe;whEZac:F4AmNb;xBbsrc:NEW1Qc;ysNiMc:CpIBjd;yxTchf:KUM7Z;z97YGf:oug9te;zOsCQe:Ko78Df;zaIgPb:Qtpxbd/m=cdos,hsm,jsa,mb4ZUb,d,csi,cEt90b,SNUn3,qddgKe,sTsDMc,dtl0hd,eHDfl, line 629: Script terminated by timeout at:
oEa@https://www.google.com/xjs/_/js/k=xjs.hd.en.HC44jvUp9_A.O/am=AAAAAAAAAAAAAAAAAAAAAAAAAAAAAAAAAAAgAAAAAAAgBFAAAAAoAAAAAAAAAAAAABAgBAAABQAAAXAAABEQAAAQAAAgEATgUSYAAAFgAgAAAEAAAKAgAAECAAAgAAAAAEABAAAAAAAAAAAAAGAAAQQAAAAAAAAAAAAAAACgAwAAAAIgQBCAAQwEAAABAAAAyAOA4AAYpCAAAAAAAAAAAAAAAIAAJgjmQgICAggAAAAAAAAAAAAAAAAgJZ1YmA/d=1/ed=1/dg=2/rs=ACT90oELlFAFqDvXwv3oM9jQoXqSQ-H6Tw/ee=ALeJib:B8gLwd;AfeaP:TkrAjf;BMxAGc:E5bFse;BgS6mb:fidj5d;BjwMce:cXX2Wb;CxXAWb:YyRLvc;DM55c:imLrKe;DULqB:RKfG5c;Dkk6ge:wJqrrd;DpcR3d:zL72xf;EABSZ:MXZt9d;ESrPQc:mNTJvc;EVNhjf:pw70Gc;EmZ2Bf:zr1jrb;EnlcNd:WeHg4;Erl4fe:FloWmf,FloWmf;F9mqte:UoRcbe;Fmv9Nc:O1Tzwc;G0KhTb:LIaoZ;G6wU6e:hezEbd;GleZL:J1A7Od;HMDDWe:G8QUdb;HoYVKb:PkDN7e;HqeXPd:cmbnH;IBADCc:RYquRb;IZrNqe:P8ha2c;IoGlCf:b5lhvb;IsdWVc:qzxzOb;JXS8fb:Qj0suc;JbMT3:M25sS;JsbNhc:Xd8iUd;KOxcK:OZqGte;KQzWid:ZMKkN;KcokUb:KiuZBf;KpRAue:Tia57b;LBgRLc:SdcwHb,XVMNvd;LEikZe:byfTOb,lsjVmc;LsNahb:ucGLNb;Me32dd:MEeYgc;NPKaK:SdcwHb;NSEoX:lazG7b;Np8Qkd:Dpx6qc;Nyt6ic:jn2sGd;OgagBe:cNTe0;Oj465e:KG2eXe,KG2eXe;OohIYe:mpEAQb;Pjplud:EEDORb,PoEs9b;Q1Ow7b:x5CSu;Q6C5kf:pfdZCe;QGR0gd:Mlhmy;R2kc8b:ALJqWb;R4IIIb:QWfeKf;R9Ulx:CR7Ufe;RDNBlf:zPRCJb;SLtqO:Kh1xYe;SMDL4c:fTfGO,fTfGO;SNUn3:ZwDk9d,x8cHvb;ShpF6e:N0pvGc;TxfV6d:YORN0b;U96pRd:FsR04;UBKJZ:LGDJGb;UDrY1c:eps46d;UVmjEd:EesRsb;UyG7Kb:wQd0G;V2HTTe:RolTY;VGRfx:VFqbr;VN6jIc:ddQyuf;VOcgDe:YquhTb;VsAqSb:PGf2Re;VxQ32b:k0XsBb;WCEKNd:I46Hvd;WDGyFe:jcVOxd;Wfmdue:g3MJlb;XUezZ:sa7lqb;YV5bee:IvPZ6d;YkQtAf:rx8ur;ZMvdv:PHFPjb;ZSH6tc:QAvyLe;ZWEUA:afR4Cf;a56pNe:JEfCwb;aAJE9c:WHW6Ef;aCJ9tf:qKftvc;aZ61od:arTwJ;af0EJf:ghinId;bDXwRe:UsyOtc;bcPXSc:gSZLJb;cEt90b:ws9Tlc;cFTWae:gT8qnd;coJ8e:KvoW8;dIoSBb:ZgGg9b;dLlj2:Qqt3Gf;daB6be:lMxGPd;dtl0hd:lLQWFe;eBAeSb:Ck63tb;eBZ5Nd:VruDBd;eHDfl:ofjVkb;eO3lse:nFClrf;euOXY:OZjbQ;g8nkx:U4MzKc;gaub4:TN6bMe;gtVSi:ekUOYd;h3MYod:cEt90b;hK67qb:QWEO5b;heHB1:sFczq;hjRo6e:F62sG;hsLsYc:Vl118;iFQyKf:QIhFr,vfuNJf;imqimf:jKGL2e;io8t5d:sgY6Zb;jY0zg:Q6tNgc;k2Qxcb:XY51pe;kCQyJ:ueyPK;kMFpHd:OTA3Ae;kbAm9d:MkHyGd;lkq0A:JyBE3e;nAFL3:NTMZac,s39S4;nJw4Gd:dPFZH;oGtAuc:sOXFj;oSUNyd:fTfGO,fTfGO;oUlnpc:RagDlc;okUaUd:wItadb;pKJiXd:VCenhc;pNsl2d:j9Yuyc;pXdRYb:JKoKVe;pj82le:mg5CW;qZx2Fc:j0xrE;qaS3gd:yiLg6e;qavrXe:zQzcXe;qddgKe:d7YSfd,x4FYXe;rQSrae:C6D5Fc;sP4Vbe:VwDzFe;sTsDMc:kHVSUb;sZmdvc:rdGEfc;tH4IIe:Ymry6;tosKvd:ZCqP3;trZL0b:qY8PFe;uY49fb:COQbmf;uuQkY:u2V3ud;vGrMZ:lPJJ0c;vfVwPd:lcrkwe;w3bZCb:ZPGaIb;w4rSdf:XKiZ9;w9w86d:dt4g2b;wQlYve:aLUfP;wR5FRb:O1Gjze,TtcOte;wV5Pjc:L8KGxe;whEZac:F4AmNb;xBbsrc:NEW1Qc;ysNiMc:CpIBjd;yxTchf:KUM7Z;z97YGf:oug9te;zOsCQe:Ko78Df;zaIgPb:Qtpxbd/m=cdos,hsm,jsa,mb4ZUb,d,csi,cEt90b,SNUn3,qddgKe,sTsDMc,dtl0hd,eHDfl:629:525
rEa@https://www.google.com/xjs/_/js/k=xjs.hd.en.HC44jvUp9_A.O/am=AAAAAAAAAAAAAAAAAAAAAAAAAAAAAAAAAAAgAAAAAAAgBFAAAAAoAAAAAAAAAAAAABAgBAAABQAAAXAAABEQAAAQAAAgEATgUSYAAAFgAgAAAEAAAKAgAAECAAAgAAAAAEABAAAAAAAAAAAAAGAAAQQAAAAAAAAAAAAAAACgAwAAAAIgQBCAAQwEAAABAAAAyAOA4AAYpCAAAAAAAAAAAAAAAIAAJgjmQgICAggAAAAAAAAAAAAAAAAgJZ1YmA/d=1/ed=1/dg=2/rs=ACT90oELlFAFqDvXwv3oM9jQoXqSQ-H6Tw/ee=ALeJib:B8gLwd;AfeaP:TkrAjf;BMxAGc:E5bFse;BgS6mb:fidj5d;BjwMce:cXX2Wb;CxXAWb:YyRLvc;DM55c:imLrKe;DULqB:RKfG5c;Dkk6ge:wJqrrd;DpcR3d:zL72xf;EABSZ:MXZt9d;ESrPQc:mNTJvc;EVNhjf:pw70Gc;EmZ2Bf:zr1jrb;EnlcNd:WeHg4;Erl4fe:FloWmf,FloWmf;F9mqte:UoRcbe;Fmv9Nc:O1Tzwc;G0KhTb:LIaoZ;G6wU6e:hezEbd;GleZL:J1A7Od;HMDDWe:G8QUdb;HoYVKb:PkDN7e;HqeXPd:cmbnH;IBADCc:RYquRb;IZrNqe:P8ha2c;IoGlCf:b5lhvb;IsdWVc:qzxzOb;JXS8fb:Qj0suc;JbMT3:M25sS;JsbNhc:Xd8iUd;KOxcK:OZqGte;KQzWid:ZMKkN;KcokUb:KiuZBf;KpRAue:Tia57b;LBgRLc:SdcwHb,XVMNvd;LEikZe:byfTOb,lsjVmc;LsNahb:ucGLNb;Me32dd:MEeYgc;NPKaK:SdcwHb;NSEoX:lazG7b;Np8Qkd:Dpx6qc;Nyt6ic:jn2sGd;OgagBe:cNTe0;Oj465e:KG2eXe,KG2eXe;OohIYe:mpEAQb;Pjplud:EEDORb,PoEs9b;Q1Ow7b:x5CSu;Q6C5kf:pfdZCe;QGR0gd:Mlhmy;R2kc8b:ALJqWb;R4IIIb:QWfeKf;R9Ulx:CR7Ufe;RDNBlf:zPRCJb;SLtqO:Kh1xYe;SMDL4c:fTfGO,fTfGO;SNUn3:ZwDk9d,x8cHvb;ShpF6e:N0pvGc;TxfV6d:YORN0b;U96pRd:FsR04;UBKJZ:LGDJGb;UDrY1c:eps46d;UVmjEd:EesRsb;UyG7Kb:wQd0G;V2HTTe:RolTY;VGRfx:VFqbr;VN6jIc:ddQyuf;VOcgDe:YquhTb;VsAqSb:PGf2Re;VxQ32b:k0XsBb;WCEKNd:I46Hvd;WDGyFe:jcVOxd;Wfmdue:g3MJlb;XUezZ:sa7lqb;YV5bee:IvPZ6d;YkQtAf:rx8ur;ZMvdv:PHFPjb;ZSH6tc:QAvyLe;ZWEUA:afR4Cf;a56pNe:JEfCwb;aAJE9c:WHW6Ef;aCJ9tf:qKftvc;aZ61od:arTwJ;af0EJf:ghinId;bDXwRe:UsyOtc;bcPXSc:gSZLJb;cEt90b:ws9Tlc;cFTWae:gT8qnd;coJ8e:KvoW8;dIoSBb:ZgGg9b;dLlj2:Qqt3Gf;daB6be:lMxGPd;dtl0hd:lLQWFe;eBAeSb:Ck63tb;eBZ5Nd:VruDBd;eHDfl:ofjVkb;eO3lse:nFClrf;euOXY:OZjbQ;g8nkx:U4MzKc;gaub4:TN6bMe;gtVSi:ekUOYd;h3MYod:cEt90b;hK67qb:QWEO5b;heHB1:sFczq;hjRo6e:F62sG;hsLsYc:Vl118;iFQyKf:QIhFr,vfuNJf;imqimf:jKGL2e;io8t5d:sgY6Zb;jY0zg:Q6tNgc;k2Qxcb:XY51pe;kCQyJ:ueyPK;kMFpHd:OTA3Ae;kbAm9d:MkHyGd;lkq0A:JyBE3e;nAFL3:NTMZac,s39S4;nJw4Gd:dPFZH;oGtAuc:sOXFj;oSUNyd:fTfGO,fTfGO;oUlnpc:RagDlc;okUaUd:wItadb;pKJiXd:VCenhc;pNsl2d:j9Yuyc;pXdRYb:JKoKVe;pj82le:mg5CW;qZx2Fc:j0xrE;qaS3gd:yiLg6e;qavrXe:zQzcXe;qddgKe:d7YSfd,x4FYXe;rQSrae:C6D5Fc;sP4Vbe:VwDzFe;sTsDMc:kHVSUb;sZmdvc:rdGEfc;tH4IIe:Ymry6;tosKvd:ZCqP3;trZL0b:qY8PFe;uY49fb:COQbmf;uuQkY:u2V3ud;vGrMZ:lPJJ0c;vfVwPd:lcrkwe;w3bZCb:ZPGaIb;w4rSdf:XKiZ9;w9w86d:dt4g2b;wQlYve:aLUfP;wR5FRb:O1Gjze,TtcOte;wV5Pjc:L8KGxe;whEZac:F4AmNb;xBbsrc:NEW1Qc;ysNiMc:CpIBjd;yxTchf:KUM7Z;z97YGf:oug9te;zOsCQe:Ko78Df;zaIgPb:Qtpxbd/m=cdos,hsm,jsa,mb4ZUb,d,csi,cEt90b,SNUn3,qddgKe,sTsDMc,dtl0hd,eHDfl:630:335
_.Zd.prototype.Lz@https://www.google.com/xjs/_/js/k=xjs.hd.en.HC44jvUp9_A.O/am=AAAAAAAAAAAAAAAAAAAAAAAAAAAAAAAAAAAgAAAAAAAgBFAAAAAoAAAAAAAAAAAAABAgBAAABQAAAXAAABEQAAAQAAAgEATgUSYAAAFgAgAAAEAAAKAgAAECAAAgAAAAAEABAAAAAAAAAAAAAGAAAQQAAAAAAAAAAAAAAACgAwAAAAIgQBCAAQwEAAABAAAAyAOA4AAYpCAAAAAAAAAAAAAAAIAAJgjmQgICAggAAAAAAAAAAAAAAAAgJZ1YmA/d=1/ed=1/dg=2/rs=ACT90oELlFAFqDvXwv3oM9jQoXqSQ-H6Tw/ee=ALeJib:B8gLwd;AfeaP:TkrAjf;BMxAGc:E5bFse;BgS6mb:fidj5d;BjwMce:cXX2Wb;CxXAWb:YyRLvc;DM55c:imLrKe;DULqB:RKfG5c;Dkk6ge:wJqrrd;DpcR3d:zL72xf;EABSZ:MXZt9d;ESrPQc:mNTJvc;EVNhjf:pw70Gc;EmZ2Bf:zr1jrb;EnlcNd:WeHg4;Erl4fe:FloWmf,FloWmf;F9mqte:UoRcbe;Fmv9Nc:O1Tzwc;G0KhTb:LIaoZ;G6wU6e:hezEbd;GleZL:J1A7Od;HMDDWe:G8QUdb;HoYVKb:PkDN7e;HqeXPd:cmbnH;IBADCc:RYquRb;IZrNqe:P8ha2c;IoGlCf:b5lhvb;IsdWVc:qzxzOb;JXS8fb:Qj0suc;JbMT3:M25sS;JsbNhc:Xd8iUd;KOxcK:OZqGte;KQzWid:ZMKkN;KcokUb:KiuZBf;KpRAue:Tia57b;LBgRLc:SdcwHb,XVMNvd;LEikZe:byfTOb,lsjVmc;LsNahb:ucGLNb;Me32dd:MEeYgc;NPKaK:SdcwHb;NSEoX:lazG7b;Np8Qkd:Dpx6qc;Nyt6ic:jn2sGd;OgagBe:cNTe0;Oj465e:KG2eXe,KG2eXe;OohIYe:mpEAQb;Pjplud:EEDORb,PoEs9b;Q1Ow7b:x5CSu;Q6C5kf:pfdZCe;QGR0gd:Mlhmy;R2kc8b:ALJqWb;R4IIIb:QWfeKf;R9Ulx:CR7Ufe;RDNBlf:zPRCJb;SLtqO:Kh1xYe;SMDL4c:fTfGO,fTfGO;SNUn3:ZwDk9d,x8cHvb;ShpF6e:N0pvGc;TxfV6d:YORN0b;U96pRd:FsR04;UBKJZ:LGDJGb;UDrY1c:eps46d;UVmjEd:EesRsb;UyG7Kb:wQd0G;V2HTTe:RolTY;VGRfx:VFqbr;VN6jIc:ddQyuf;VOcgDe:YquhTb;VsAqSb:PGf2Re;VxQ32b:k0XsBb;WCEKNd:I46Hvd;WDGyFe:jcVOxd;Wfmdue:g3MJlb;XUezZ:sa7lqb;YV5bee:IvPZ6d;YkQtAf:rx8ur;ZMvdv:PHFPjb;ZSH6tc:QAvyLe;ZWEUA:afR4Cf;a56pNe:JEfCwb;aAJE9c:WHW6Ef;aCJ9tf:qKftvc;aZ61od:arTwJ;af0EJf:ghinId;bDXwRe:UsyOtc;bcPXSc:gSZLJb;cEt90b:ws9Tlc;cFTWae:gT8qnd;coJ8e:KvoW8;dIoSBb:ZgGg9b;dLlj2:Qqt3Gf;daB6be:lMxGPd;dtl0hd:lLQWFe;eBAeSb:Ck63tb;eBZ5Nd:VruDBd;eHDfl:ofjVkb;eO3lse:nFClrf;euOXY:OZjbQ;g8nkx:U4MzKc;gaub4:TN6bMe;gtVSi:ekUOYd;h3MYod:cEt90b;hK67qb:QWEO5b;heHB1:sFczq;hjRo6e:F62sG;hsLsYc:Vl118;iFQyKf:QIhFr,vfuNJf;imqimf:jKGL2e;io8t5d:sgY6Zb;jY0zg:Q6tNgc;k2Qxcb:XY51pe;kCQyJ:ueyPK;kMFpHd:OTA3Ae;kbAm9d:MkHyGd;lkq0A:JyBE3e;nAFL3:NTMZac,s39S4;nJw4Gd:dPFZH;oGtAuc:sOXFj;oSUNyd:fTfGO,fTfGO;oUlnpc:RagDlc;okUaUd:wItadb;pKJiXd:VCenhc;pNsl2d:j9Yuyc;pXdRYb:JKoKVe;pj82le:mg5CW;qZx2Fc:j0xrE;qaS3gd:yiLg6e;qavrXe:zQzcXe;qddgKe:d7YSfd,x4FYXe;rQSrae:C6D5Fc;sP4Vbe:VwDzFe;sTsDMc:kHVSUb;sZmdvc:rdGEfc;tH4IIe:Ymry6;tosKvd:ZCqP3;trZL0b:qY8PFe;uY49fb:COQbmf;uuQkY:u2V3ud;vGrMZ:lPJJ0c;vfVwPd:lcrkwe;w3bZCb:ZPGaIb;w4rSdf:XKiZ9;w9w86d:dt4g2b;wQlYve:aLUfP;wR5FRb:O1Gjze,TtcOte;wV5Pjc:L8KGxe;whEZac:F4AmNb;xBbsrc:NEW1Qc;ysNiMc:CpIBjd;yxTchf:KUM7Z;z97YGf:oug9te;zOsCQe:Ko78Df;zaIgPb:Qtpxbd/m=cdos,hsm,jsa,mb4ZUb,d,csi,cEt90b,SNUn3,qddgKe,sTsDMc,dtl0hd,eHDfl:647:271
BXb@https://www.google.com/xjs/_/js/k=xjs.hd.en.HC44jvUp9_A.O/ck=xjs.hd.aBk18gSC6gk.L.F4.O/am=AKYAAAAAAAAAAwAAAAAAAAAAAAAAAABAAAAgAAAAAAAgBdBADgAoAGwAAAAAIAAAABAgBAAABQBACXAAABFQAAASAAIgEATgUSYAAAFkAgSAAEUACaAg2AECAAAigMEwAFIBwBAAAAAIIAAAAGAANwbAAACgTwAk8AACAAigAwEwAAogQBCQAQwEAAABAAAAyAOA4AAYpCAAAAAAAAAAAAAAAIAAJgjmQgICAggAAAAAAAAAAAAAAAAgJZ1YmA/d=1/exm=SNUn3,cEt90b,cdos,csi,d,dtl0hd,eHDfl,hsm,jsa,mb4ZUb,qddgKe,sTsDMc/ed=1/dg=0/ujg=1/rs=ACT90oH9wGkYIYbI5ku3nvrUf8r0xnisIg/ee=ALeJib:B8gLwd;AfeaP:TkrAjf;BMxAGc:E5bFse;BgS6mb:fidj5d;BjwMce:cXX2Wb;CxXAWb:YyRLvc;DM55c:imLrKe;DULqB:RKfG5c;Dkk6ge:wJqrrd;DpcR3d:zL72xf;EABSZ:MXZt9d;ESrPQc:mNTJvc;EVNhjf:pw70Gc;EmZ2Bf:zr1jrb;EnlcNd:WeHg4;Erl4fe:FloWmf;F9mqte:UoRcbe;Fmv9Nc:O1Tzwc;G0KhTb:LIaoZ;G6wU6e:hezEbd;GleZL:J1A7Od;HMDDWe:G8QUdb;HoYVKb:PkDN7e;HqeXPd:cmbnH;IBADCc:RYquRb;IZrNqe:P8ha2c;IoGlCf:b5lhvb;IsdWVc:qzxzOb;JXS8fb:Qj0suc;JbMT3:M25sS;JsbNhc:Xd8iUd;KOxcK:OZqGte;KQzWid:ZMKkN;KcokUb:KiuZBf;KpRAue:Tia57b;LBgRLc:SdcwHb,XVMNvd;LEikZe:byfTOb,lsjVmc;LsNahb:ucGLNb;Me32dd:MEeYgc;NPKaK:SdcwHb;NSEoX:lazG7b;Np8Qkd:Dpx6qc;Nyt6ic:jn2sGd;OgagBe:cNTe0;Oj465e:KG2eXe;OohIYe:mpEAQb;Pjplud:EEDORb,PoEs9b;Q1Ow7b:x5CSu;Q6C5kf:pfdZCe;QGR0gd:Mlhmy;R2kc8b:ALJqWb;R4IIIb:QWfeKf;R9Ulx:CR7Ufe;RDNBlf:zPRCJb;SLtqO:Kh1xYe;SMDL4c:fTfGO;SNUn3:ZwDk9d,x8cHvb;ShpF6e:N0pvGc;TxfV6d:YORN0b;U96pRd:FsR04;UBKJZ:LGDJGb;UDrY1c:eps46d;UVmjEd:EesRsb;UyG7Kb:wQd0G;V2HTTe:RolTY;VGRfx:VFqbr;VN6jIc:ddQyuf;VOcgDe:YquhTb;VsAqSb:PGf2Re;VxQ32b:k0XsBb;WCEKNd:I46Hvd;WDGyFe:jcVOxd;Wfmdue:g3MJlb;XUezZ:sa7lqb;YV5bee:IvPZ6d;YkQtAf:rx8ur;ZMvdv:PHFPjb;ZSH6tc:QAvyLe;ZWEUA:afR4Cf;a56pNe:JEfCwb;aAJE9c:WHW6Ef;aCJ9tf:qKftvc;aZ61od:arTwJ;af0EJf:ghinId;bDXwRe:UsyOtc;bcPXSc:gSZLJb;cEt90b:ws9Tlc;cFTWae:gT8qnd;coJ8e:KvoW8;dIoSBb:ZgGg9b;dLlj2:Qqt3Gf;daB6be:lMxGPd;dtl0hd:lLQWFe;eBAeSb:Ck63tb;eBZ5Nd:VruDBd;eHDfl:ofjVkb;eO3lse:nFClrf;euOXY:OZjbQ;g8nkx:U4MzKc;gaub4:TN6bMe;gtVSi:ekUOYd;h3MYod:cEt90b;hK67qb:QWEO5b;heHB1:sFczq;hjRo6e:F62sG;hsLsYc:Vl118;iFQyKf:QIhFr,vfuNJf;imqimf:jKGL2e;io8t5d:sgY6Zb;jY0zg:Q6tNgc;k2Qxcb:XY51pe;kCQyJ:ueyPK;kMFpHd:OTA3Ae;kbAm9d:MkHyGd;lkq0A:JyBE3e;nAFL3:NTMZac,s39S4;nJw4Gd:dPFZH;oGtAuc:sOXFj;oSUNyd:fTfGO;oUlnpc:RagDlc;okUaUd:wItadb;pKJiXd:VCenhc;pNsl2d:j9Yuyc;pXdRYb:JKoKVe;pj82le:mg5CW;qZx2Fc:j0xrE;qaS3gd:yiLg6e;qavrXe:zQzcXe;qddgKe:d7YSfd,x4FYXe;rQSrae:C6D5Fc;sP4Vbe:VwDzFe;sTsDMc:kHVSUb;sZmdvc:rdGEfc;tH4IIe:Ymry6;tosKvd:ZCqP3;trZL0b:qY8PFe;uY49fb:COQbmf;uuQkY:u2V3ud;vGrMZ:lPJJ0c;vfVwPd:lcrkwe;w3bZCb:ZPGaIb;w4rSdf:XKiZ9;w9w86d:dt4g2b;wQlYve:aLUfP;wR5FRb:O1Gjze,TtcOte;wV5Pjc:L8KGxe;whEZac:F4AmNb;xBbsrc:NEW1Qc;ysNiMc:CpIBjd;yxTchf:KUM7Z;z97YGf:oug9te;zOsCQe:Ko78Df;zaIgPb:Qtpxbd/m=B2qlPe,DhPYme,GU4Gab,MpJwZc,NzU6V,UUJqVe,Wo3n8,aa,abd,async,epYOx,ms4mZb,pHXghd,q0xTif,s39S4,sOXFj,sb_wiz,sf,spch?xjs=s1:28:77
CXb/<@https://www.google.com/xjs/_/js/k=xjs.hd.en.HC44jvUp9_A.O/ck=xjs.hd.aBk18gSC6gk.L.F4.O/am=AKYAAAAAAAAAAwAAAAAAAAAAAAAAAABAAAAgAAAAAAAgBdBADgAoAGwAAAAAIAAAABAgBAAABQBACXAAABFQAAASAAIgEATgUSYAAAFkAgSAAEUACaAg2AECAAAigMEwAFIBwBAAAAAIIAAAAGAANwbAAACgTwAk8AACAAigAwEwAAogQBCQAQwEAAABAAAAyAOA4AAYpCAAAAAAAAAAAAAAAIAAJgjmQgICAggAAAAAAAAAAAAAAAAgJZ1YmA/d=1/exm=SNUn3,cEt90b,cdos,csi,d,dtl0hd,eHDfl,hsm,jsa,mb4ZUb,qddgKe,sTsDMc/ed=1/dg=0/ujg=1/rs=ACT90oH9wGkYIYbI5ku3nvrUf8r0xnisIg/ee=ALeJib:B8gLwd;AfeaP:TkrAjf;BMxAGc:E5bFse;BgS6mb:fidj5d;BjwMce:cXX2Wb;CxXAWb:YyRLvc;DM55c:imLrKe;DULqB:RKfG5c;Dkk6ge:wJqrrd;DpcR3d:zL72xf;EABSZ:MXZt9d;ESrPQc:mNTJvc;EVNhjf:pw70Gc;EmZ2Bf:zr1jrb;EnlcNd:WeHg4;Erl4fe:FloWmf;F9mqte:UoRcbe;Fmv9Nc:O1Tzwc;G0KhTb:LIaoZ;G6wU6e:hezEbd;GleZL:J1A7Od;HMDDWe:G8QUdb;HoYVKb:PkDN7e;HqeXPd:cmbnH;IBADCc:RYquRb;IZrNqe:P8ha2c;IoGlCf:b5lhvb;IsdWVc:qzxzOb;JXS8fb:Qj0suc;JbMT3:M25sS;JsbNhc:Xd8iUd;KOxcK:OZqGte;KQzWid:ZMKkN;KcokUb:KiuZBf;KpRAue:Tia57b;LBgRLc:SdcwHb,XVMNvd;LEikZe:byfTOb,lsjVmc;LsNahb:ucGLNb;Me32dd:MEeYgc;NPKaK:SdcwHb;NSEoX:lazG7b;Np8Qkd:Dpx6qc;Nyt6ic:jn2sGd;OgagBe:cNTe0;Oj465e:KG2eXe;OohIYe:mpEAQb;Pjplud:EEDORb,PoEs9b;Q1Ow7b:x5CSu;Q6C5kf:pfdZCe;QGR0gd:Mlhmy;R2kc8b:ALJqWb;R4IIIb:QWfeKf;R9Ulx:CR7Ufe;RDNBlf:zPRCJb;SLtqO:Kh1xYe;SMDL4c:fTfGO;SNUn3:ZwDk9d,x8cHvb;ShpF6e:N0pvGc;TxfV6d:YORN0b;U96pRd:FsR04;UBKJZ:LGDJGb;UDrY1c:eps46d;UVmjEd:EesRsb;UyG7Kb:wQd0G;V2HTTe:RolTY;VGRfx:VFqbr;VN6jIc:ddQyuf;VOcgDe:YquhTb;VsAqSb:PGf2Re;VxQ32b:k0XsBb;WCEKNd:I46Hvd;WDGyFe:jcVOxd;Wfmdue:g3MJlb;XUezZ:sa7lqb;YV5bee:IvPZ6d;YkQtAf:rx8ur;ZMvdv:PHFPjb;ZSH6tc:QAvyLe;ZWEUA:afR4Cf;a56pNe:JEfCwb;aAJE9c:WHW6Ef;aCJ9tf:qKftvc;aZ61od:arTwJ;af0EJf:ghinId;bDXwRe:UsyOtc;bcPXSc:gSZLJb;cEt90b:ws9Tlc;cFTWae:gT8qnd;coJ8e:KvoW8;dIoSBb:ZgGg9b;dLlj2:Qqt3Gf;daB6be:lMxGPd;dtl0hd:lLQWFe;eBAeSb:Ck63tb;eBZ5Nd:VruDBd;eHDfl:ofjVkb;eO3lse:nFClrf;euOXY:OZjbQ;g8nkx:U4MzKc;gaub4:TN6bMe;gtVSi:ekUOYd;h3MYod:cEt90b;hK67qb:QWEO5b;heHB1:sFczq;hjRo6e:F62sG;hsLsYc:Vl118;iFQyKf:QIhFr,vfuNJf;imqimf:jKGL2e;io8t5d:sgY6Zb;jY0zg:Q6tNgc;k2Qxcb:XY51pe;kCQyJ:ueyPK;kMFpHd:OTA3Ae;kbAm9d:MkHyGd;lkq0A:JyBE3e;nAFL3:NTMZac,s39S4;nJw4Gd:dPFZH;oGtAuc:sOXFj;oSUNyd:fTfGO;oUlnpc:RagDlc;okUaUd:wItadb;pKJiXd:VCenhc;pNsl2d:j9Yuyc;pXdRYb:JKoKVe;pj82le:mg5CW;qZx2Fc:j0xrE;qaS3gd:yiLg6e;qavrXe:zQzcXe;qddgKe:d7YSfd,x4FYXe;rQSrae:C6D5Fc;sP4Vbe:VwDzFe;sTsDMc:kHVSUb;sZmdvc:rdGEfc;tH4IIe:Ymry6;tosKvd:ZCqP3;trZL0b:qY8PFe;uY49fb:COQbmf;uuQkY:u2V3ud;vGrMZ:lPJJ0c;vfVwPd:lcrkwe;w3bZCb:ZPGaIb;w4rSdf:XKiZ9;w9w86d:dt4g2b;wQlYve:aLUfP;wR5FRb:O1Gjze,TtcOte;wV5Pjc:L8KGxe;whEZac:F4AmNb;xBbsrc:NEW1Qc;ysNiMc:CpIBjd;yxTchf:KUM7Z;z97YGf:oug9te;zOsCQe:Ko78Df;zaIgPb:Qtpxbd/m=B2qlPe,DhPYme,GU4Gab,MpJwZc,NzU6V,UUJqVe,Wo3n8,aa,abd,async,epYOx,ms4mZb,pHXghd,q0xTif,s39S4,sOXFj,sb_wiz,sf,spch?xjs=s1:27:998

Dynamically enable window occlusion 1
1719342257693	geckodriver	INFO	Listening on 127.0.0.1:52466
1719342260766	mozrunner::runner	INFO	Running command: "C:\\Program Files\\Mozilla Firefox\\firefox.exe" "--marionette" "-no-remote" "-profile" "C:\\Users\\rodrigo\\AppData\\Local\\Temp\\rust_mozprofileKDY6lT"
console.warn: services.settings: Ignoring preference override of remote settings server
console.warn: services.settings: Allow by setting MOZ_REMOTE_SETTINGS_DEVTOOLS=1 in the environment
1719342261124	Marionette	INFO	Marionette enabled
Dynamically enable window occlusion 0
1719342261282	Marionette	INFO	Listening on port 52481
Read port: 52481
1719342261472	RemoteAgent	WARN	TLS certificate errors will be ignored for this session
1719342291141	addons.xpi	ERROR	System addon update list error SyntaxError: XMLHttpRequest.open: 'http://%(server)s/dummy-system-addons.xml' is not a valid URL.
Exiting due to channel error.
Exiting due to channel error.
1719342360378	geckodriver	INFO	Listening on 127.0.0.1:52633
1719342363449	mozrunner::runner	INFO	Running command: "C:\\Program Files\\Mozilla Firefox\\firefox.exe" "--marionette" "-no-remote" "-profile" "C:\\Users\\rodrigo\\AppData\\Local\\Temp\\rust_mozprofileA1dtP2"
console.warn: services.settings: Ignoring preference override of remote settings server
console.warn: services.settings: Allow by setting MOZ_REMOTE_SETTINGS_DEVTOOLS=1 in the environment
1719342363798	Marionette	INFO	Marionette enabled
Dynamically enable window occlusion 0
1719342363952	Marionette	INFO	Listening on port 52647
Read port: 52647
1719342364148	RemoteAgent	WARN	TLS certificate errors will be ignored for this session
1719342395234	addons.xpi	ERROR	System addon update list error SyntaxError: XMLHttpRequest.open: 'http://%(server)s/dummy-system-addons.xml' is not a valid URL.
Exiting due to channel error.
Exiting due to channel error.
1719342927791	geckodriver	INFO	Listening on 127.0.0.1:53044
1719342930851	mozrunner::runner	INFO	Running command: "C:\\Program Files\\Mozilla Firefox\\firefox.exe" "--marionette" "-no-remote" "-profile" "C:\\Users\\rodrigo\\AppData\\Local\\Temp\\rust_mozprofileyOjQL2"
console.warn: services.settings: Ignoring preference override of remote settings server
console.warn: services.settings: Allow by setting MOZ_REMOTE_SETTINGS_DEVTOOLS=1 in the environment
1719342931201	Marionette	INFO	Marionette enabled
Dynamically enable window occlusion 0
1719342931370	Marionette	INFO	Listening on port 53056
Read port: 53056
1719342931556	RemoteAgent	WARN	TLS certificate errors will be ignored for this session
1719342941722	Marionette	INFO	Stopped listening on port 53056
Dynamically enable window occlusion 1
1719343249617	geckodriver	INFO	Listening on 127.0.0.1:53241
1719343252703	mozrunner::runner	INFO	Running command: "C:\\Program Files\\Mozilla Firefox\\firefox.exe" "--marionette" "-no-remote" "-profile" "C:\\Users\\rodrigo\\AppData\\Local\\Temp\\rust_mozprofile9Huczx"
console.warn: services.settings: Ignoring preference override of remote settings server
console.warn: services.settings: Allow by setting MOZ_REMOTE_SETTINGS_DEVTOOLS=1 in the environment
1719343253145	Marionette	INFO	Marionette enabled
Dynamically enable window occlusion 0
1719343253337	Marionette	INFO	Listening on port 53254
Read port: 53254
1719343253558	RemoteAgent	WARN	TLS certificate errors will be ignored for this session
1719343263646	Marionette	INFO	Stopped listening on port 53254
JavaScript warning: https://www.google.com/xjs/_/js/k=xjs.s.pt_BR.vyaFIQKvUfg.O/am=AAAAAAAAAAAAAAAAAAAAAAAAAAAAAAAAAABAAAAAAABASCAIAAAAFAAAAAAAAAAAAAAAQAgAABQAABAAB4ASAQEAAAEAAASCAH7_CQAAAAAAAAAQACYAAAAAcAEAgIIAAAECAABAAAAAAIACAAAAAAAAAAAAAAAABhBAPwAAAAAAAAAAAAAAAAAwQPgBAIAAEEAQAA4wEAAAEAAAAEB7APA8YDhIYQEAAAAAAAAAAAAAAAhggmAOpD8gAAIAAAAAAAAAAAAAAABICTpxeQIAJA/d=1/ed=1/dg=2/rs=ACT90oF37Mr_MC1_MTbFV07kW3kR2TUHFQ/ee=ALeJib:B8gLwd;AfeaP:TkrAjf;BMxAGc:E5bFse;BgS6mb:fidj5d;BjwMce:cXX2Wb;CxXAWb:YyRLvc;DM55c:imLrKe;DULqB:RKfG5c;Dkk6ge:wJqrrd;DpcR3d:zL72xf;EABSZ:MXZt9d;ESrPQc:mNTJvc;EVNhjf:pw70Gc;EmZ2Bf:zr1jrb;EnlcNd:WeHg4;Erl4fe:FloWmf,FloWmf;F9mqte:UoRcbe;Fmv9Nc:O1Tzwc;G0KhTb:LIaoZ;G6wU6e:hezEbd;GleZL:J1A7Od;HMDDWe:G8QUdb;HoYVKb:PkDN7e;HqeXPd:cmbnH;IBADCc:RYquRb;IZrNqe:P8ha2c;IoGlCf:b5lhvb;IsdWVc:qzxzOb;JXS8fb:Qj0suc;JbMT3:M25sS;JsbNhc:Xd8iUd;KOxcK:OZqGte;KQzWid:ZMKkN;KcokUb:KiuZBf;KpRAue:Tia57b;LBgRLc:SdcwHb,XVMNvd;LEikZe:byfTOb,lsjVmc;LsNahb:ucGLNb;Me32dd:MEeYgc;NPKaK:SdcwHb;NSEoX:lazG7b;Np8Qkd:Dpx6qc;Nyt6ic:jn2sGd;OgagBe:cNTe0;Oj465e:KG2eXe,KG2eXe;OohIYe:mpEAQb;Pjplud:EEDORb,PoEs9b;PqHfGe:im2cZe;Q1Ow7b:x5CSu;Q6C5kf:pfdZCe;QGR0gd:Mlhmy;R2kc8b:ALJqWb;R4IIIb:QWfeKf;R9Ulx:CR7Ufe;RDNBlf:zPRCJb;SLtqO:Kh1xYe;SMDL4c:fTfGO,fTfGO;SNUn3:ZwDk9d,x8cHvb;ShpF6e:N0pvGc;TxfV6d:YORN0b;U96pRd:FsR04;UBKJZ:LGDJGb;UDrY1c:eps46d;UVmjEd:EesRsb;UyG7Kb:wQd0G;V2HTTe:RolTY;VGRfx:VFqbr;VN6jIc:ddQyuf;VOcgDe:YquhTb;VsAqSb:PGf2Re;VxQ32b:k0XsBb;WCEKNd:I46Hvd;WDGyFe:jcVOxd;Wfmdue:g3MJlb;XUezZ:sa7lqb;YV5bee:IvPZ6d;YkQtAf:rx8ur;ZMvdv:PHFPjb;ZSH6tc:QAvyLe;ZWEUA:afR4Cf;Zen4yb:jMF88c;a56pNe:JEfCwb;aAJE9c:WHW6Ef;aCJ9tf:qKftvc;aZ61od:arTwJ;af0EJf:ghinId;bDXwRe:UsyOtc;bFZ6gf:RsDQqe;bcPXSc:gSZLJb;cEt90b:ws9Tlc;cFTWae:gT8qnd;coJ8e:KvoW8;dIoSBb:ZgGg9b;dLlj2:Qqt3Gf;daB6be:lMxGPd;dtl0hd:lLQWFe;eBAeSb:Ck63tb;eBZ5Nd:VruDBd;eHDfl:ofjVkb;eO3lse:nFClrf;euOXY:OZjbQ;g8nkx:U4MzKc;gaub4:TN6bMe;gtVSi:ekUOYd;h3MYod:cEt90b;hK67qb:QWEO5b;heHB1:sFczq;hjRo6e:F62sG;hsLsYc:Vl118;iFQyKf:QIhFr,vfuNJf;imqimf:jKGL2e;io8t5d:sgY6Zb;jY0zg:Q6tNgc;k2Qxcb:XY51pe;kCQyJ:ueyPK;kMFpHd:OTA3Ae;kbAm9d:MkHyGd;lkq0A:JyBE3e;nAFL3:NTMZac,s39S4;nJw4Gd:dPFZH;oGtAuc:sOXFj;oSUNyd:fTfGO,fTfGO;oUlnpc:RagDlc;okUaUd:wItadb;pKJiXd:VCenhc;pNsl2d:j9Yuyc;pXdRYb:JKoKVe;pj82le:mg5CW;qGV2uc:HHi04c;qZx2Fc:j0xrE;qaS3gd:yiLg6e;qavrXe:zQzcXe;qddgKe:d7YSfd,x4FYXe;rQSrae:C6D5Fc;sP4Vbe:VwDzFe;sTsDMc:kHVSUb;sZmdvc:rdGEfc;tH4IIe:Ymry6;tosKvd:ZCqP3;trZL0b:qY8PFe;uY49fb:COQbmf;uuQkY:u2V3ud;vGrMZ:lPJJ0c;vfVwPd:lcrkwe;w3bZCb:ZPGaIb;w4rSdf:XKiZ9;w9w86d:dt4g2b;wQlYve:aLUfP;wR5FRb:O1Gjze,TtcOte;wV5Pjc:L8KGxe;whEZac:F4AmNb;xBbsrc:NEW1Qc;xbe2wc:wbTLEd;ysNiMc:CpIBjd;yxTchf:KUM7Z;z97YGf:oug9te;zOsCQe:Ko78Df;zaIgPb:Qtpxbd/m=attn,cdos,gwc,hsm,jsa,mb4ZUb,d,csi,cEt90b,SNUn3,qddgKe,sTsDMc,dtl0hd,eHDfl, line 1238: Script terminated by timeout at:
Vhr/<@https://www.google.com/xjs/_/js/k=xjs.s.pt_BR.vyaFIQKvUfg.O/am=AAAAAAAAAAAAAAAAAAAAAAAAAAAAAAAAAABAAAAAAABASCAIAAAAFAAAAAAAAAAAAAAAQAgAABQAABAAB4ASAQEAAAEAAASCAH7_CQAAAAAAAAAQACYAAAAAcAEAgIIAAAECAABAAAAAAIACAAAAAAAAAAAAAAAABhBAPwAAAAAAAAAAAAAAAAAwQPgBAIAAEEAQAA4wEAAAEAAAAEB7APA8YDhIYQEAAAAAAAAAAAAAAAhggmAOpD8gAAIAAAAAAAAAAAAAAABICTpxeQIAJA/d=1/ed=1/dg=2/rs=ACT90oF37Mr_MC1_MTbFV07kW3kR2TUHFQ/ee=ALeJib:B8gLwd;AfeaP:TkrAjf;BMxAGc:E5bFse;BgS6mb:fidj5d;BjwMce:cXX2Wb;CxXAWb:YyRLvc;DM55c:imLrKe;DULqB:RKfG5c;Dkk6ge:wJqrrd;DpcR3d:zL72xf;EABSZ:MXZt9d;ESrPQc:mNTJvc;EVNhjf:pw70Gc;EmZ2Bf:zr1jrb;EnlcNd:WeHg4;Erl4fe:FloWmf,FloWmf;F9mqte:UoRcbe;Fmv9Nc:O1Tzwc;G0KhTb:LIaoZ;G6wU6e:hezEbd;GleZL:J1A7Od;HMDDWe:G8QUdb;HoYVKb:PkDN7e;HqeXPd:cmbnH;IBADCc:RYquRb;IZrNqe:P8ha2c;IoGlCf:b5lhvb;IsdWVc:qzxzOb;JXS8fb:Qj0suc;JbMT3:M25sS;JsbNhc:Xd8iUd;KOxcK:OZqGte;KQzWid:ZMKkN;KcokUb:KiuZBf;KpRAue:Tia57b;LBgRLc:SdcwHb,XVMNvd;LEikZe:byfTOb,lsjVmc;LsNahb:ucGLNb;Me32dd:MEeYgc;NPKaK:SdcwHb;NSEoX:lazG7b;Np8Qkd:Dpx6qc;Nyt6ic:jn2sGd;OgagBe:cNTe0;Oj465e:KG2eXe,KG2eXe;OohIYe:mpEAQb;Pjplud:EEDORb,PoEs9b;PqHfGe:im2cZe;Q1Ow7b:x5CSu;Q6C5kf:pfdZCe;QGR0gd:Mlhmy;R2kc8b:ALJqWb;R4IIIb:QWfeKf;R9Ulx:CR7Ufe;RDNBlf:zPRCJb;SLtqO:Kh1xYe;SMDL4c:fTfGO,fTfGO;SNUn3:ZwDk9d,x8cHvb;ShpF6e:N0pvGc;TxfV6d:YORN0b;U96pRd:FsR04;UBKJZ:LGDJGb;UDrY1c:eps46d;UVmjEd:EesRsb;UyG7Kb:wQd0G;V2HTTe:RolTY;VGRfx:VFqbr;VN6jIc:ddQyuf;VOcgDe:YquhTb;VsAqSb:PGf2Re;VxQ32b:k0XsBb;WCEKNd:I46Hvd;WDGyFe:jcVOxd;Wfmdue:g3MJlb;XUezZ:sa7lqb;YV5bee:IvPZ6d;YkQtAf:rx8ur;ZMvdv:PHFPjb;ZSH6tc:QAvyLe;ZWEUA:afR4Cf;Zen4yb:jMF88c;a56pNe:JEfCwb;aAJE9c:WHW6Ef;aCJ9tf:qKftvc;aZ61od:arTwJ;af0EJf:ghinId;bDXwRe:UsyOtc;bFZ6gf:RsDQqe;bcPXSc:gSZLJb;cEt90b:ws9Tlc;cFTWae:gT8qnd;coJ8e:KvoW8;dIoSBb:ZgGg9b;dLlj2:Qqt3Gf;daB6be:lMxGPd;dtl0hd:lLQWFe;eBAeSb:Ck63tb;eBZ5Nd:VruDBd;eHDfl:ofjVkb;eO3lse:nFClrf;euOXY:OZjbQ;g8nkx:U4MzKc;gaub4:TN6bMe;gtVSi:ekUOYd;h3MYod:cEt90b;hK67qb:QWEO5b;heHB1:sFczq;hjRo6e:F62sG;hsLsYc:Vl118;iFQyKf:QIhFr,vfuNJf;imqimf:jKGL2e;io8t5d:sgY6Zb;jY0zg:Q6tNgc;k2Qxcb:XY51pe;kCQyJ:ueyPK;kMFpHd:OTA3Ae;kbAm9d:MkHyGd;lkq0A:JyBE3e;nAFL3:NTMZac,s39S4;nJw4Gd:dPFZH;oGtAuc:sOXFj;oSUNyd:fTfGO,fTfGO;oUlnpc:RagDlc;okUaUd:wItadb;pKJiXd:VCenhc;pNsl2d:j9Yuyc;pXdRYb:JKoKVe;pj82le:mg5CW;qGV2uc:HHi04c;qZx2Fc:j0xrE;qaS3gd:yiLg6e;qavrXe:zQzcXe;qddgKe:d7YSfd,x4FYXe;rQSrae:C6D5Fc;sP4Vbe:VwDzFe;sTsDMc:kHVSUb;sZmdvc:rdGEfc;tH4IIe:Ymry6;tosKvd:ZCqP3;trZL0b:qY8PFe;uY49fb:COQbmf;uuQkY:u2V3ud;vGrMZ:lPJJ0c;vfVwPd:lcrkwe;w3bZCb:ZPGaIb;w4rSdf:XKiZ9;w9w86d:dt4g2b;wQlYve:aLUfP;wR5FRb:O1Gjze,TtcOte;wV5Pjc:L8KGxe;whEZac:F4AmNb;xBbsrc:NEW1Qc;xbe2wc:wbTLEd;ysNiMc:CpIBjd;yxTchf:KUM7Z;z97YGf:oug9te;zOsCQe:Ko78Df;zaIgPb:Qtpxbd/m=attn,cdos,gwc,hsm,jsa,mb4ZUb,d,csi,cEt90b,SNUn3,qddgKe,sTsDMc,dtl0hd,eHDfl:1238:992

Dynamically enable window occlusion 1
1719343379754	geckodriver	INFO	Listening on 127.0.0.1:53367
1719343382814	mozrunner::runner	INFO	Running command: "C:\\Program Files\\Mozilla Firefox\\firefox.exe" "--marionette" "-no-remote" "-profile" "C:\\Users\\rodrigo\\AppData\\Local\\Temp\\rust_mozprofilep5ZWX0"
console.warn: services.settings: Ignoring preference override of remote settings server
console.warn: services.settings: Allow by setting MOZ_REMOTE_SETTINGS_DEVTOOLS=1 in the environment
1719343383174	Marionette	INFO	Marionette enabled
Dynamically enable window occlusion 0
1719343383335	Marionette	INFO	Listening on port 53381
Read port: 53381
1719343383482	RemoteAgent	WARN	TLS certificate errors will be ignored for this session
1719343392365	Marionette	INFO	Stopped listening on port 53381
Dynamically enable window occlusion 1
1719343545408	geckodriver	INFO	Listening on 127.0.0.1:53490
1719343548483	mozrunner::runner	INFO	Running command: "C:\\Program Files\\Mozilla Firefox\\firefox.exe" "--marionette" "-no-remote" "-profile" "C:\\Users\\rodrigo\\AppData\\Local\\Temp\\rust_mozprofileuyHq91"
console.warn: services.settings: Ignoring preference override of remote settings server
console.warn: services.settings: Allow by setting MOZ_REMOTE_SETTINGS_DEVTOOLS=1 in the environment
1719343548784	Marionette	INFO	Marionette enabled
Dynamically enable window occlusion 0
1719343548919	Marionette	INFO	Listening on port 53506
Read port: 53506
1719343549057	RemoteAgent	WARN	TLS certificate errors will be ignored for this session
1719343558601	Marionette	INFO	Stopped listening on port 53506
Dynamically enable window occlusion 1
